0 info it worked if it ends with ok
1 verbose cli [ 'C:\\Program Files\\nodejs\\node.exe',
1 verbose cli   'C:\\Program Files\\nodejs\\node_modules\\npm\\bin\\npm-cli.js',
1 verbose cli   'start' ]
2 info using npm@3.10.10
3 info using node@v6.11.4
4 verbose run-script [ 'prestart', 'start', 'poststart' ]
5 info lifecycle balance-transfer@1.0.0~prestart: balance-transfer@1.0.0
6 silly lifecycle balance-transfer@1.0.0~prestart: no script for prestart, continuing
7 info lifecycle balance-transfer@1.0.0~start: balance-transfer@1.0.0
8 verbose lifecycle balance-transfer@1.0.0~start: unsafe-perm in lifecycle true
9 verbose lifecycle balance-transfer@1.0.0~start: PATH: C:\Program Files\nodejs\node_modules\npm\bin\node-gyp-bin;E:\中移项目文件\区块链项目\project\fabric-api-nodejs\node_modules\.bin;G:\oracle\product\10.2.0\db_1\bin;C:\Program Files\Java\jdk1.8.0_131\bin;C:\ProgramData\Oracle\Java\javapath;C:\WINDOWS\system32;C:\WINDOWS;C:\WINDOWS\System32\Wbem;C:\WINDOWS\System32\WindowsPowerShell\v1.0\;G:\quicktime\QTSystem\;C:\Program Files (x86)\NVIDIA Corporation\PhysX\Common;C:\WINDOWS\system32;C:\WINDOWS;C:\WINDOWS\System32\Wbem;C:\WINDOWS\System32\WindowsPowerShell\v1.0\;E:\apache-maven-3.5.0-bin\apache-maven-3.5.0\bin;C:\Program Files (x86)\MySQL\MySQL Server 5.7\bin;G:\Git\cmd;G:\TortoiseGit\bin;C:\Program Files\nodejs\;G:\Python\Scripts\;G:\Python\;C:\Users\jsmen\AppData\Local\Microsoft\WindowsApps;C:\Users\jsmen\AppData\Roaming\npm
10 verbose lifecycle balance-transfer@1.0.0~start: CWD: E:\中移项目文件\区块链项目\project\fabric-api-nodejs
11 silly lifecycle balance-transfer@1.0.0~start: Args: [ '/d /s /c', 'node app.js' ]
12 silly lifecycle balance-transfer@1.0.0~start: Returned: code: 1  signal: null
13 info lifecycle balance-transfer@1.0.0~start: Failed to exec start script
14 verbose stack Error: balance-transfer@1.0.0 start: `node app.js`
14 verbose stack Exit status 1
14 verbose stack     at EventEmitter.<anonymous> (C:\Program Files\nodejs\node_modules\npm\lib\utils\lifecycle.js:255:16)
14 verbose stack     at emitTwo (events.js:106:13)
14 verbose stack     at EventEmitter.emit (events.js:191:7)
14 verbose stack     at ChildProcess.<anonymous> (C:\Program Files\nodejs\node_modules\npm\lib\utils\spawn.js:40:14)
14 verbose stack     at emitTwo (events.js:106:13)
14 verbose stack     at ChildProcess.emit (events.js:191:7)
14 verbose stack     at maybeClose (internal/child_process.js:920:16)
14 verbose stack     at Process.ChildProcess._handle.onexit (internal/child_process.js:230:5)
15 verbose pkgid balance-transfer@1.0.0
16 verbose cwd E:\中移项目文件\区块链项目\project\fabric-api-nodejs
17 error Windows_NT 10.0.15063
18 error argv "C:\\Program Files\\nodejs\\node.exe" "C:\\Program Files\\nodejs\\node_modules\\npm\\bin\\npm-cli.js" "start"
19 error node v6.11.4
20 error npm  v3.10.10
21 error code ELIFECYCLE
22 error balance-transfer@1.0.0 start: `node app.js`
22 error Exit status 1
23 error Failed at the balance-transfer@1.0.0 start script 'node app.js'.
23 error Make sure you have the latest version of node.js and npm installed.
23 error If you do, this is most likely a problem with the balance-transfer package,
23 error not with npm itself.
23 error Tell the author that this fails on your system:
23 error     node app.js
23 error You can get information on how to open an issue for this project with:
23 error     npm bugs balance-transfer
23 error Or if that isn't available, you can get their info via:
23 error     npm owner ls balance-transfer
23 error There is likely additional logging output above.
24 verbose exit [ 1, true ]
